0 99 99 6 4867 1 1 1 proton 0.0688664 0.0101005 3.95306 -0.0682937 -0.0139268 -0.0104112 flaskLog 3.20938 -0.106811 0.106811 0 -1.9082e-17 -0.0226947 -0.00961484 0.01 -0.0240663 -0.00924976 hadElastic 4 111 -1 H1
0 99 99 4 5545 1 1 1 proton 0.0989365 0.0100596 4.21013 -0.0981826 -0.0180645 -0.00428887 flaskLog 3.13082 -0.106501 0.106501 0 2.08167e-17 -0.00684013 -0.00884083 0.01 -0.00583675 -0.00926891 hadElastic 4 111 -1 H1
0 99 99 2 6123 1 1 1 proton 0.12421 0.0115488 3.15932 -0.105854 -0.0187836 0.00990063 flaskLog 1.23421 -0.289461 0.289461 0 -2.08167e-17 -0.0587293 -0.0413 0.01 -0.0620847 -0.0459966 hadElastic 4 111 -1 H1
0 99 100 3 7987 1 1 1 proton 0.0747727 0.00238608 2.00254 -0.0520304 -0.00375578 0.0129766 flaskLog 0.18491 -0.18491 0.18491 0 -7.80626e-18 -0.0359525 0.0558877 0.0015808 -0.0368777 0.0574099 hadElastic 4 111 -1 H1
0 99 100 5 8356 1 1 1 proton 0.0740519 0.0115801 3.2621 -0.0641073 -0.0201942 0.0094868 flaskLog 2.30704 -0.178299 0.178299 0 0 -0.0394251 0.0411519 0.01 -0.0426651 0.0460084 hadElastic 4 111 -1 H1
0 100 99 2 10322 1 1 1 proton 0.214846 0.0083064 3.918 -0.191607 -0.0194684 -0.00272737 flaskLog 0.505401 -0.505401 0.505401 0 -2.42861e-17 0.0739606 -0.0289869 0.00719148 0.0779562 -0.0300767 hadElastic 4 111 -1 H1
0 99 100 3 10596 1 1 1 proton 0.157856 0.00811754 3.26907 -0.132293 0.00722852 0.00961275 flaskLog 0.497438 -0.441312 0.441312 0 -3.46945e-18 -0.0782495 0.0189427 0.00668002 -0.0828471 0.0190533 hadElastic 4 111 -1 H1
0 99 100 3 10596 1 1 1 proton 0.165973 0.000946909 3.26907 -0.132293 0.00722852 0.00961275 flaskLog 0.0561256 -0.0561256 0.0561256 0 0.00668002 -0.0828471 0.0190533 0.00741487 -0.083427 0.0191289 hadElastic 4 111 -1 H1
0 100 99 6 13607 1 1 1 proton 0.246264 0.0113269 4.27833 -0.220348 0.00128408 -0.0039608 flaskLog 0.871095 -0.405986 0.405986 0 -1.47451e-17 0.0284867 -0.110363 0.01 0.0299975 -0.115453 hadElastic 4 111 -1 H1
0 100 100 5 18593 1 1 1 proton 0.0352852 0.0106194 3.23907 -0.0332541 0.00405168 0.00280095 flaskLog 2.81731 -0.147212 0.147212 0 -2.08167e-17 0.0137877 0.00944778 0.01 0.0166912 0.0115292 hadElastic 4 111 -1 H1
0 100 99 4 22350 1 1 1 proton 0.785684 0.0100958 8.6385 -0.77417 0.0028483 -0.00632517 flaskLog 2.63233 -0.124846 0.124846 0 -1.04083e-17 0.103254 -0.0888597 0.01 0.104618 -0.0891009 hadElastic 4 111 -1 H1
0 100 100 3 22402 1 8 16 O16 0 0.000981567 0.197671 6.77556e-05 0.00551576 0.0157737 DetectorLog 0.197671 -0.197671 0.197671 0 6.77556e-05 0.00551576 0.0157737 0.000566622 0.00534212 0.0150464 hadElastic 4 111 -1 O16
0 100 100 3 22402 1 8 16 O16 0.000981567 0 0.197671 6.77556e-05 0.00551576 0.0157737 DetectorLog 0 0 0 0 0.000566622 0.00534212 0.0150464 0.000566622 0.00534212 0.0150464 hadElastic 4 111 -1 O16
0 100 100 5 22670 1 1 1 proton 0.663738 0.0104624 7.41647 -0.639166 0.00669268 -0.00196838 flaskLog 1.2617 -0.251168 0.251168 0 0 0.0536656 0.169686 0.01 0.0539428 0.172743 hadElastic 4 111 -1 H1
0 99 99 3 23191 1 1 1 proton 0.145836 0.0113587 3.50717 -0.126969 -0.0224085 0.0109104 flaskLog 1.46947 -0.229054 0.229054 0 1.21431e-17 -0.0232692 -0.0607644 0.01 -0.0232859 -0.0661479 hadElastic 4 111 -1 H1
0 100 100 5 25696 1 1 1 proton 0.118694 0.0109408 3.85911 -0.10916 0.0156959 -0.0200384 flaskLog 2.43289 -0.1434 0.1434 0 6.93889e-18 0.00120745 0.0242161 0.01 3.9262e-05 0.0284966 hadElastic 4 111 -1 H1
0 100 100 5 27113 1 1 1 proton 0.184299 0.0102303 4.72334 -0.180253 -0.0106247 -0.000446441 flaskLog 2.83547 -0.112543 0.112543 0 -1.99493e-17 0.00267712 0.0354022 0.01 0.00365129 0.0373265 hadElastic 4 111 -1 H1
0 99 99 3 32248 1 8 16 O16 0 0.00139702 0.69824 0.00758848 -0.00631007 -0.0474653 DetectorLog 0.69824 -0.387825 0.387825 0.0324166 0.00758848 -0.00631007 -0.0474653 0.00890899 -0.00657376 -0.0471184 hadElastic 4 111 -1 O16
0 99 99 3 32248 1 8 16 O16 0.00139702 0.00119116 0.69824 0.00758848 -0.00631007 -0.0474653 DetectorLog 0.310415 -0.310415 0.310415 0 0.00890899 -0.00657376 -0.0471184 0.00984792 -0.0071911 -0.0468 hadElastic 4 111 -1 O16
0 99 99 3 32248 1 8 16 O16 0.00258818 0 0.69824 0.00758848 -0.00631007 -0.0474653 DetectorLog 0 0 0 0 0.00984792 -0.0071911 -0.0468 0.00984792 -0.0071911 -0.0468 hadElastic 4 111 -1 O16
0 99 99 3 34250 1 1 1 proton 0.0268201 0.0149281 1.80671 -0.0182584 -0.00322297 -0.0164352 flaskLog 1.26598 -0.371027 0.371027 0 -1.73472e-17 -0.0224826 -0.0126028 0.01 -0.0332968 -0.0101984 hadElastic 4 111 -1 H1
0 99 99 2 35395 1 1 1 proton 0.0554771 0.00620274 2.43512 -0.0457314 -0.023374 -0.0028694 flaskLog 1.49393 -0.11873 0.11873 0 -8.67362e-18 -0.00230813 -0.0261364 0.00514859 1.82146e-17 -0.0287119 hadElastic 4 111 -1 H1
0 100 99 2 35395 1 1 1 proton 0.0616798 0.00580785 2.43512 -0.0457314 -0.023374 -0.0028694 flaskLog 1.3752 -0.122737 0.122737 0 0.00514859 1.82146e-17 -0.0287119 0.01 0.00212382 -0.0310949 hadElastic 4 111 -1 H1
0 99 100 4 36560 1 1 1 proton 0.118196 0.0102385 4.50046 -0.115628 0.00446424 -0.00197745 flaskLog 3.35501 -0.111648 0.111648 0 -1.38778e-17 -0.0169946 0.009733 0.01 -0.01898 0.010671 hadElastic 4 111 -1 H1
0 100 101 3 46010 1 0 1 neutron 2.09525 0.0356409 1.91482 -0.587877 -0.000365148 -0.00650354 flaskLog 1.91482 0 0 0 0 0.594699 1.91453 0.01 0.604822 1.9472 protonInelastic 4 121 -1 C13
0 106 105 3 46010 1 0 1 neutron 10.3252 0.0477588 1.91482 -0.587877 -0.000365148 -0.00650354 flaskLog 0.240386 0 0 0 0.01 6.13144 5.87497 9.66241e-15 6.17757 5.88227 protonInelastic 4 121 -1 C13
0 99 99 2 59536 1 1 1 proton 0.029754 0.0103608 3.29471 -0.0289037 -0.0247718 -0.00936534 flaskLog 2.93505 -0.137493 0.137493 0 2.08167e-17 -0.0205774 -0.0150353 0.01 -0.0187656 -0.0170496 hadElastic 4 111 -1 H1
0 99 100 3 59832 1 1 1 proton 0.090018 0.0101432 4.01323 -0.0886606 -0.0079153 0.02295 flaskLog 3.01085 -0.120956 0.120956 0 -2.77556e-17 -0.00441056 0.00784271 0.01 -0.00390281 0.00622382 hadElastic 4 111 -1 H1
0 99 100 2 60747 1 1 1 proton 0.244078 0.0102774 5.50169 -0.239126 -0.00225893 -0.00490634 flaskLog 3.31893 -0.108391 0.108391 0 -2.77556e-17 -0.0288578 0.035961 0.01 -0.0302074 0.0379097 hadElastic 4 111 -1 H1
0 99 100 4 61845 1 1 1 proton 0.291619 0.0104838 5.28572 -0.277963 -0.00179707 0.00340013 flaskLog 2.37093 -0.163309 0.163309 0 1.38778e-17 -0.00328628 0.091404 0.01 -0.00338862 0.0945487 hadElastic 4 111 -1 H1
0 99 99 3 64655 1 1 1 proton 0.051998 0.010996 3.34318 -0.0472147 -0.0189399 -0.00748255 flaskLog 2.72545 -0.138078 0.138078 0 1.69136e-17 -0.0242587 -0.0285907 0.01 -0.0253778 -0.0330234 hadElastic 4 111 -1 H1
0 99 99 7 64907 1 1 1 proton 0.38822 0.0104341 5.80258 -0.371169 0.0129788 0.0125923 flaskLog 1.8274 -0.1894 0.1894 0 2.77556e-17 -0.0887785 -0.0370732 0.01 -0.091311 -0.0386347 hadElastic 4 111 -1 H1
0 99 99 2 67810 1 1 1 proton 0.0325978 0.0108044 3.53831 -0.030231 -0.0358448 0.00408559 flaskLog 3.14001 -0.121566 0.121566 0 1.04083e-17 -0.0398141 -0.00743798 0.01 -0.0410991 -0.0113209 hadElastic 4 111 -1 H1
0 99 100 3 68614 1 1 1 proton 0.235109 0.011422 4.27388 -0.211885 0.0115252 0.00778492 flaskLog 0.989557 -0.360815 0.360815 0 -2.77556e-17 -0.0880615 0.0287581 0.01 -0.0934422 0.0299513 hadElastic 4 111 -1 H1
0 99 100 6 72575 1 1 1 proton 0.0651694 0.0116121 2.51081 -0.0552578 -0.00946663 -0.0285822 flaskLog 1.38001 -0.269427 0.269427 0 -3.46945e-18 -0.0234617 0.0029773 0.01 -0.0259907 0.00830625 hadElastic 4 111 -1 H1
0 99 99 2 73632 1 1 1 proton 0.624225 0.0104362 7.49016 -0.602864 0.00563235 -0.00715688 flaskLog 2.14044 -0.154494 0.154494 0 -3.46945e-18 -0.0945115 -0.133935 0.01 -0.0964884 -0.136169 hadElastic 4 111 -1 H1
0 100 99 2 78800 1 1 1 proton 0.802355 0.0103136 8.34269 -0.772687 0.00405772 -0.00392195 flaskLog 1.38232 -0.210247 0.210247 0 -3.46945e-18 0.152168 -0.159618 0.01 0.153713 -0.161605 hadElastic 4 111 -1 H1
0 99 100 2 80813 1 1 1 proton 0.277683 0.0101682 5.50896 -0.272377 0.00461471 0.00978861 flaskLog 2.78915 -0.123623 0.123623 0 -6.93889e-18 -0.0491953 0.0103668 0.01 -0.0510204 0.0101365 hadElastic 4 111 -1 H1
0 100 99 2 84867 1 1 1 proton 0.109684 0.0122493 2.90021 -0.0893528 0.0221385 0.00104581 flaskLog 1.06382 -0.319828 0.319828 0 -1.38778e-17 0.0522271 -0.0549399 0.01 0.0555703 -0.061167 hadElastic 4 111 -1 H1
0 101 101 3 88957 1 0 1 neutron 2.00652 0.0388396 4.01001 -0.516617 -0.00736094 0.00189388 flaskLog 4.01001 0 0 0 0 1.19243 1.52496 0.01 1.21566 1.55444 protonInelastic 4 121 -1 C13
0 99 100 3 89156 1 1 1 proton 0.313888 0.0100592 5.78516 -0.311311 0.0196373 0.0303239 flaskLog 2.86561 -0.122146 0.122146 0 -1.38778e-17 -0.01445 0.0101343 0.01 -0.0153017 0.0094601 hadElastic 4 111 -1 H1
0 100 99 2 89764 1 1 1 proton 0.179407 0.0104456 4.74116 -0.171847 0.0151678 -0.00203281 flaskLog 2.8761 -0.12628 0.12628 0 -2.53703e-17 0.0662207 -0.00823125 0.01 0.0691591 -0.00891549 hadElastic 4 111 -1 H1
0 99 99 2 90554 1 1 1 proton 0.35491 0.0100708 6.25742 -0.351758 -0.00355953 0.00561407 flaskLog 3.24539 -0.119261 0.119261 0 2.64545e-17 -0.0176101 -0.038739 0.01 -0.0182685 -0.0397299 hadElastic 4 111 -1 H1
0 100 99 3 90686 1 8 16 O16 0 0.00137243 0.62236 0.00122213 0.00152564 -0.0113946 DetectorLog 0.62236 -0.62236 0.62236 0 0.00122213 0.00152564 -0.0113946 0.00242238 0.000876521 -0.0113799 hadElastic 4 111 -1 O16
0 100 99 3 90686 1 8 16 O16 0.00137243 0 0.62236 0.00122213 0.00152564 -0.0113946 DetectorLog 0 0 0 0 0.00242238 0.000876521 -0.0113799 0.00242238 0.000876521 -0.0113799 hadElastic 4 111 -1 O16
0 99 100 4 96678 1 1 1 proton 0.287377 0.0106969 5.16522 -0.270371 0.0111691 -0.00407837 flaskLog 1.97219 -0.189385 0.189385 0 -1.27936e-17 -0.0468657 0.0738212 0.01 -0.0491754 0.0768331 hadElastic 4 111 -1 H1
0 99 99 4 97519 1 1 1 proton 0.013791 0.0115666 2.24597 -0.0119106 -0.0140435 -0.0123492 flaskLog 2.02538 -0.188807 0.188807 0 -1.38778e-17 -0.0198573 -0.00854099 0.01 -0.0246063 -0.00519265 hadElastic 4 111 -1 H1
0 100 100 4 98900 1 1 1 proton 0.00995249 0.0107365 2.97951 -0.00925747 0.011679 -0.00157745 flaskLog 2.85006 -0.144906 0.144906 0 -2.60209e-17 0.00958112 0.00141329 0.01 0.00725193 0.00455 hadElastic 4 111 -1 H1
0 99 99 4 102106 1 1 1 proton 0.748841 0.00207535 7.77799 -0.708226 -0.00472934 0.00184903 flaskLog 0.159964 -0.143744 0.143744 0 -2.77556e-17 -0.122287 -0.208976 0.00191955 -0.122834 -0.209527 hadElastic 4 111 -1 H1
0 99 99 4 102106 1 1 1 proton 0.750917 0.000460021 7.77799 -0.708226 -0.00472934 0.00184903 flaskLog 0.0162206 -0.0125135 0.0125135 0 0.00191955 -0.122834 -0.209527 0.00221007 -0.123014 -0.209648 hadElastic 4 111 -1 H1
0 99 99 4 102106 1 1 1 proton 0.751377 0.000226349 7.77799 -0.708226 -0.00472934 0.00184903 flaskLog 0.00370701 -0.00370701 0.00370701 0 0.00221007 -0.123014 -0.209648 0.0022534 -0.123047 -0.209633 hadElastic 4 111 -1 H1
0 99 99 7 103937 1 1 1 proton 0.31894 0.0105961 5.17513 -0.297191 -0.0137731 0.00420131 flaskLog 1.45901 -0.22912 0.22912 0 3.46945e-18 -0.0899834 -0.0819138 0.01 -0.0918431 -0.084878 hadElastic 4 111 -1 H1
0 100 99 6 105919 1 1 1 proton 0 0.000408522 0.666114 0.00797563 0.000201271 -0.00090833 DetectorLog 0.666114 -0.0163241 0.0163241 0 0.00797563 0.000201271 -0.00090833 0.00815031 1.41217e-17 -0.000598716 hadElastic 4 111 -1 H1
0 99 99 6 105919 1 1 1 proton 0.000408522 0.000784932 0.666114 0.00797563 0.000201271 -0.00090833 DetectorLog 0.649789 -0.0281027 0.0281027 0 0.00815031 1.41217e-17 -0.000598716 0.00848723 -0.00037961 -3.14419e-18 hadElastic 4 111 -1 H1
0 99 100 6 105919 1 1 1 proton 0.00119345 0.00369684 0.666114 0.00797563 0.000201271 -0.00090833 DetectorLog 0.621687 -0.15905 0.15905 0 0.00848723 -0.00037961 -3.14419e-18 0.01 -0.00221822 0.00282687 hadElastic 4 111 -1 H1
