0 99 100 1 0 0 1 1 proton 5.00013 0.0100036 10 -5 0 0 3.63873 -0.108635 0.108635 0 6.93889e-18 -0.00325727 0.000376625 0.01 -0.0035129 0.000337119 
0 100 100 1 1000 0 1 1 proton 5.00169 0.0100287 10 -5 0 0 3.14205 -0.128294 0.128294 0 -1.73472e-17 0.0177022 0.0448956 0.01 0.01795 0.0456079 
0 100 99 1 2000 0 1 1 proton 5.00031 0.0100094 10 -5 0 0 3.31308 -0.108849 0.108849 0 5.20417e-18 0.00971664 -0.00608371 0.01 0.00977175 -0.00565831 
0 100 100 1 3000 0 1 1 proton 5.00053 0.010022 10 -5 0 0 2.86046 -0.12569 0.12569 0 -6.93889e-18 0.00248437 0.0183674 0.01 0.00309888 0.0186027 
0 99 99 1 4000 0 1 1 proton 5.00016 0.0100114 10 -5 0 0 3.34911 -0.110379 0.110379 0 -2.42861e-17 -0.00659254 -0.00535351 0.01 -0.00652262 -0.00582114 
0 100 99 1 6000 0 1 1 proton 5.00027 0.0100082 10 -5 0 0 3.35673 -0.118501 0.118501 0 -1.12757e-17 0.0136177 -0.0140559 0.01 0.0138892 -0.0137636 
0 100 100 1 7000 0 1 1 proton 5.00153 0.0100248 10 -5 0 0 3.15843 -0.111235 0.111235 0 -2.08167e-17 0.0456535 0.021893 0.01 0.0462459 0.0222664 
0 100 99 1 8000 0 1 1 proton 5.00127 0.0100352 10 -5 0 0 3.21089 -0.132643 0.132643 0 -2.25514e-17 0.0461981 -0.00230632 0.01 0.0470303 -0.00238619 
0 99 100 1 9000 0 1 1 proton 5.03515 0.0105959 10 -5 0 0 2.8908 -0.149424 0.149424 0 -1.73472e-17 -0.141125 0.140947 0.01 -0.144005 0.142939 
0 99 100 1 10000 0 1 1 proton 5.00062 0.0100127 10 -5 0 0 3.18257 -0.110378 0.110378 0 -8.67362e-18 -0.0112727 0.0232749 0.01 -0.0117061 0.0235215 
0 100 100 1 11000 0 1 1 proton 5.00042 0.0100004 10 -5 0 0 3.37784 -0.110894 0.110894 0 1.04083e-17 0.0100839 0.0161643 0.01 0.0100637 0.0162076 
0 100 100 1 12000 0 1 1 proton 5.00075 0.0100247 10 -5 0 0 3.3734 -0.0964381 0.0964381 0 2.77556e-17 0.023816 0.00776074 0.01 0.0243832 0.00817101 
0 100 99 1 13000 0 1 1 proton 5.00037 0.0100146 10 -5 0 0 3.30505 -0.104507 0.104507 0 1.56125e-17 0.00131051 -0.0103031 0.01 0.00143531 -0.0108235 
0 99 100 1 14000 0 1 1 proton 5.00046 0.0100222 10 -5 0 0 3.32938 -0.106496 0.106496 0 -1.04083e-17 -0.0159443 0.0164717 0.01 -0.0161881 0.0170875 
0 100 100 1 15000 0 1 1 proton 5.00056 0.010023 10 -5 0 0 3.07998 -0.112985 0.112985 0 -2.08167e-17 0.0209801 0.00718043 0.01 0.0212183 0.00654916 
0 100 99 1 16000 0 1 1 proton 5.00035 0.0100097 10 -5 0 0 3.36239 -0.0954935 0.0954935 0 -1.9082e-17 0.0188679 -0.00609897 0.01 0.0191981 -0.00581642 
0 99 99 1 17000 0 1 1 proton 5.00059 0.0100055 10 -5 0 0 3.39318 -0.108293 0.108293 0 8.67362e-19 -0.013168 -0.0139845 0.01 -0.0134725 -0.0140961 
0 100 99 1 18000 0 1 1 proton 5.00109 0.0100317 10 -5 0 0 3.07836 -0.116598 0.116598 0 2.08167e-17 0.0303887 -0.00536205 0.01 0.0311149 -0.0056793 
0 99 100 1 19000 0 1 1 proton 5.00025 0.0100137 10 -5 0 0 3.5392 -0.105448 0.105448 0 -2.12504e-17 -0.00902832 0.00606552 0.01 -0.00951231 0.00625514 
0 99 100 1 20000 0 1 1 proton 5.01798 0.0102434 10 -5 0 0 2.94686 -0.125048 0.125048 0 0 -0.0317406 0.185961 0.01 -0.0320877 0.188152 
0 100 100 1 21000 0 1 1 proton 5.00138 0.0100305 10 -5 0 0 3.4681 -0.116054 0.116054 0 2.68882e-17 0.0324542 0.0324825 0.01 0.0326214 0.033243 
0 99 100 1 22000 0 1 1 proton 5.00078 0.0100157 10 -5 0 0 3.26055 -0.127977 0.127977 0 6.93889e-18 -0.0199829 0.0197662 0.01 -0.0196259 0.0201927 
0 100 100 1 23000 0 1 1 proton 5.00035 0.0100021 10 -5 0 0 3.24604 -0.104122 0.104122 0 1.73472e-17 0.0120478 0.00607828 0.01 0.0121898 0.00621015 
0 100 100 1 24000 0 1 1 proton 5.00056 0.0100015 10 -5 0 0 3.27303 -0.12066 0.12066 0 0 0.029551 0.0104778 0.01 0.0295816 0.0106312 
0 99 99 1 25000 0 1 1 proton 5.00038 0.0100018 10 -5 0 0 3.21114 -0.10978 0.10978 0 -3.46945e-18 -0.0230936 -0.00558427 0.01 -0.0232404 -0.00568105 
0 99 99 1 26000 0 1 1 proton 5.00098 0.0100441 10 -5 0 0 3.38035 -0.0992124 0.0992124 0 1.30104e-17 -0.0145028 -0.0182142 0.01 -0.015125 -0.0189152 
0 99 99 1 27000 0 1 1 proton 5.00092 0.0100506 10 -5 0 0 3.01398 -0.120255 0.120255 0 -6.93889e-18 -0.0172868 -0.0125305 0.01 -0.0171058 -0.0135179 
0 99 99 1 28000 0 1 1 proton 5.00042 0.0100009 10 -5 0 0 3.07067 -0.122639 0.122639 0 6.93889e-18 -0.0193527 -0.012024 0.01 -0.0193186 -0.0121313 
0 99 100 1 29000 0 1 1 proton 5.00072 0.0100397 10 -5 0 0 3.3011 -0.129709 0.129709 0 2.08167e-17 -0.00546516 0.0255743 0.01 -0.00590377 0.0263472 
0 99 100 1 30000 0 1 1 proton 5.00033 0.0100143 10 -5 0 0 3.28824 -0.127281 0.127281 0 -8.67362e-18 -0.0123843 0.00263425 0.01 -0.0127777 0.00299067 
0 100 99 1 31000 0 1 1 proton 5.00061 0.0100182 10 -5 0 0 3.09321 -0.130315 0.130315 0 -2.08167e-17 0.0154494 -0.00635004 0.01 0.0153589 -0.00694112 
0 100 99 1 32000 0 1 1 proton 5.00043 0.0100046 10 -5 0 0 3.25591 -0.117204 0.117204 0 -5.20417e-18 0.00311626 -0.00291224 0.01 0.0032607 -0.00265502 
0 100 99 1 33000 0 1 1 proton 5.00042 0.00240107 10 -5 0 0 3.34112 -0.0249105 0.0249105 0 -2.42861e-17 0.000120337 -0.017134 0.00239782 2.09793e-17 -0.0171665 
0 99 99 1 33000 0 1 1 proton 5.00282 0.0076137 10 -5 0 0 3.31621 -0.0795647 0.0795647 0 0.00239782 2.09793e-17 -0.0171665 0.01 -0.000396832 -0.0172918 
0 100 99 1 34000 0 1 1 proton 5.00126 0.00333623 10 -5 0 0 3.38165 -0.0372769 0.0372769 0 6.93889e-18 0.000137927 -0.0513219 0.00332264 2.16298e-17 -0.0515889 
0 99 99 1 34000 0 1 1 proton 5.00459 0.00670524 10 -5 0 0 3.34437 -0.0721037 0.0721037 0 0.00332264 2.16298e-17 -0.0515889 0.01 -0.000306399 -0.0521159 
0 100 100 1 35000 0 1 1 proton 5.00114 0.0100565 10 -5 0 0 3.10631 -0.128367 0.128367 0 2.42861e-17 0.0265774 0.0225844 0.01 0.0275971 0.0228804 
0 99 100 1 36000 0 1 1 proton 5.00062 0.0100286 10 -5 0 0 3.11362 -0.113319 0.113319 0 -2.08167e-17 -0.00737047 0.0277497 0.01 -0.00796868 0.0282068 
0 100 100 1 37000 0 1 1 proton 5.00041 0.010004 10 -5 0 0 3.69165 -0.102485 0.102485 0 -6.93889e-18 0.0207717 0.0040958 0.01 0.021042 0.0040463 
0 100 99 1 38000 0 1 1 proton 5.00037 0.0100174 10 -5 0 0 3.20537 -0.0929039 0.0929039 0 -1.38778e-17 0.0180751 -0.00733161 0.01 0.0186467 -0.00745657 
0 100 100 1 39000 0 1 1 proton 5.00088 0.0100313 10 -5 0 0 3.09536 -0.114027 0.114027 0 2.77556e-17 0.00528498 0.0284424 0.01 0.0050135 0.0291829 
0 100 99 1 40000 0 1 1 proton 5.00019 0.0100096 10 -5 0 0 3.54537 -0.123567 0.123567 0 2.60209e-18 0.00743823 -0.00737956 0.01 0.00756802 -0.00779197 
0 100 100 1 41000 0 1 1 proton 5.00032 0.0100029 10 -5 0 0 3.1995 -0.110661 0.110661 0 -6.93889e-18 0.00750204 0.0161646 0.01 0.00731368 0.0160313 
0 100 100 1 42000 0 1 1 proton 5.00089 0.0100222 10 -5 0 0 3.30646 -0.124381 0.124381 0 -3.46945e-18 0.0106293 0.0297919 0.01 0.0108564 0.0304148 
0 100 99 1 43000 0 1 1 proton 5.00026 0.0100023 10 -5 0 0 2.70314 -0.137376 0.137376 0 0 0.000244863 -0.00305883 0.01 0.000165913 -0.0032388 
0 100 99 1 45000 0 1 1 proton 5.00093 0.010024 10 -5 0 0 3.3961 -0.10111 0.10111 0 -2.77556e-17 0.0113962 -0.0287128 0.01 0.0117959 -0.0292756 
0 99 99 1 46000 0 1 1 proton 5.00023 0.0100042 10 -5 0 0 3.05683 -0.118965 0.118965 0 6.93889e-18 -0.014869 -0.00406571 0.01 -0.0150551 -0.00427596 
0 99 99 1 47000 0 1 1 proton 5.00081 0.0100616 10 -5 0 0 3.10674 -0.11353 0.11353 0 -1.04083e-17 -0.020743 -0.0124972 0.01 -0.0216381 -0.0131521 
0 99 99 1 48000 0 1 1 proton 5.00022 0.0100058 10 -5 0 0 3.26247 -0.116382 0.116382 0 2.60209e-17 -0.00359549 -0.00504015 0.01 -0.00362098 -0.00470949 
0 99 100 1 49000 0 1 1 proton 5.00077 0.0100556 10 -5 0 0 3.30997 -0.118775 0.118775 0 1.9082e-17 -0.0147637 0.0173482 0.01 -0.0150507 0.0183618 
0 100 100 1 50000 0 1 1 proton 5.00061 0.0100107 10 -5 0 0 3.382 -0.102565 0.102565 0 -2.42861e-17 0.0149699 0.00365656 0.01 0.0154116 0.00354132 
0 99 99 1 51000 0 1 1 proton 5.0012 0.0100405 10 -5 0 0 3.43914 -0.0978953 0.0978953 0 4.77049e-18 -0.00255467 -0.0414666 0.01 -0.00318252 -0.0421088 
0 100 99 1 52000 0 1 1 proton 5.00021 0.0100004 10 -5 0 0 3.20682 -0.110198 0.110198 0 -1.38778e-17 0.00316461 -0.0103533 0.01 0.00318448 -0.0104013 
0 99 100 1 53000 0 1 1 proton 5.00073 0.0100294 10 -5 0 0 3.45112 -0.113356 0.113356 0 -7.58942e-18 -0.0163884 0.00152137 0.01 -0.0168063 0.00216121 
0 100 100 1 54000 0 1 1 proton 5.00095 0.0100214 10 -5 0 0 3.56448 -0.10823 0.10823 0 -1.38778e-17 0.0358209 0.0205732 0.01 0.0363377 0.0209695 
0 100 100 1 55000 0 1 1 proton 5.00074 0.0100014 10 -5 0 0 3.44269 -0.0988805 0.0988805 0 -2.77556e-17 0.00211052 0.0391477 0.01 0.0019596 0.0391699 
0 99 99 1 56000 0 1 1 proton 5.00032 0.0100211 10 -5 0 0 3.32121 -0.118796 0.118796 0 3.46945e-18 -0.0125783 -0.00621889 0.01 -0.0123598 -0.00682676 
0 99 99 1 57000 0 1 1 proton 5.00058 0.0100118 10 -5 0 0 3.35998 -0.112008 0.112008 0 2.60209e-17 -0.00575423 -0.0275282 0.01 -0.00532304 -0.0277406 
0 100 99 1 58000 0 1 1 proton 5.0003 0.0100029 10 -5 0 0 3.12619 -0.110923 0.110923 0 1.73472e-17 0.00546657 -0.0206757 0.01 0.00558184 -0.020873 
0 99 99 1 59000 0 1 1 proton 5.00019 0.0100062 10 -5 0 0 3.59997 -0.109385 0.109385 0 -2.77556e-17 -0.00703177 -0.00416016 0.01 -0.00730987 -0.0043677 
0 100 99 1 60000 0 1 1 proton 5.00034 0.0100147 10 -5 0 0 3.55315 -0.102642 0.102642 0 -6.93889e-18 0.0244017 -0.014168 0.01 0.0249283 -0.0142828 
0 100 100 1 61000 0 1 1 proton 5.00105 0.0100486 10 -5 0 0 3.15785 -0.131628 0.131628 0 1.21431e-17 0.0134905 0.0208235 0.01 0.0140185 0.021654 
0 99 99 1 62000 0 1 1 proton 5.00045 0.0100045 10 -5 0 0 3.17862 -0.113286 0.113286 0 0 -0.0286246 -0.0104214 0.01 -0.0289122 -0.0104518 
0 100 99 1 63000 0 1 1 proton 5.00065 0.0100216 10 -5 0 0 3.20341 -0.113098 0.113098 0 -1.04083e-17 0.0144911 -0.00641237 0.01 0.0151143 -0.00660816 
0 99 99 1 64000 0 1 1 proton 5.00028 0.0100041 10 -5 0 0 3.03619 -0.12641 0.12641 0 1.38778e-17 -0.0124542 -0.011193 0.01 -0.012729 -0.0111812 
0 99 100 1 65000 0 1 1 proton 5.00055 0.010011 10 -5 0 0 3.14213 -0.124174 0.124174 0 2.42861e-17 -0.0219009 0.00222101 0.01 -0.0223639 0.00221897 
0 100 100 1 66000 0 1 1 proton 5.00195 0.010134 10 -5 0 0 3.40565 -0.10488 0.10488 0 -2.1684e-17 0.0232857 0.0281783 0.01 0.0242106 0.0295335 
0 99 99 1 67000 0 1 1 proton 5.00046 0.0100116 10 -5 0 0 3.36874 -0.116092 0.116092 0 -2.34188e-17 -0.02479 -0.00452432 0.01 -0.0248528 -0.00499712 
0 99 99 1 68000 0 1 1 proton 5.00246 0.0100622 10 -5 0 0 3.25841 -0.118351 0.118351 0 -2.08167e-17 -0.0449547 -0.0317013 0.01 -0.0457384 -0.0324943 
0 99 100 1 69000 0 1 1 proton 5.00023 0.0100013 10 -5 0 0 3.66293 -0.107958 0.107958 0 -1.38778e-17 -0.000102274 0.013064 0.01 -0.00015424 0.0129268 
0 99 100 1 70000 0 1 1 proton 5.00144 0.01002 10 -5 0 0 3.33832 -0.111901 0.111901 0 1.73472e-18 -0.0272758 0.0493766 0.01 -0.0275002 0.0499643 
0 99 100 1 71000 0 1 1 proton 5.00022 0.0100042 10 -5 0 0 2.96835 -0.132419 0.132419 0 -2.08167e-17 -0.0145325 0.00452156 0.01 -0.0147828 0.00464367 
0 100 99 1 72000 0 1 1 proton 5.00037 0.0100221 10 -5 0 0 3.21901 -0.108819 0.108819 0 1.73472e-17 0.0009464 -0.000860347 0.01 0.000298092 -0.000734183 
0 99 100 1 73000 0 1 1 proton 5.00089 0.010011 10 -5 0 0 3.58916 -0.0888299 0.0888299 0 2.77556e-17 -0.0314993 0.00772966 0.01 -0.031814 0.00807036 
0 100 99 1 74000 0 1 1 proton 5.00147 0.0100607 10 -5 0 0 3.89744 -0.103144 0.103144 0 -6.93889e-18 0.0299509 -0.013982 0.01 0.0310231 -0.0142339 
0 100 99 1 75000 0 1 1 proton 5.0125 0.0103018 10 -5 0 0 3.2459 -0.110885 0.110885 0 -2.42861e-17 0.0829931 -0.11129 0.01 0.0842313 -0.113432 
0 99 99 1 76000 0 1 1 proton 5.00082 0.010002 10 -5 0 0 3.34794 -0.117695 0.117695 0 1.73472e-17 -0.0383457 -0.00869473 0.01 -0.0384481 -0.00853532 
0 99 99 1 77000 0 1 1 proton 5.00066 0.0100466 10 -5 0 0 3.41031 -0.112751 0.112751 0 -1.56125e-17 -0.00876064 -0.0170145 0.01 -0.00921843 -0.0178625 
0 99 100 1 78000 0 1 1 proton 5.00062 0.0100227 10 -5 0 0 3.057 -0.103738 0.103738 0 1.73472e-17 -0.0129238 0.0232388 0.01 -0.0132539 0.0238221 
0 100 100 1 79000 0 1 1 proton 5.00078 0.0100155 10 -5 0 0 3.13994 -0.120153 0.120153 0 1.38778e-17 0.0282646 0.0194603 0.01 0.028559 0.0199277 
0 99 99 1 80000 0 1 1 proton 5.00039 0.0100407 10 -5 0 0 3.29127 -0.122361 0.122361 0 -1.73472e-17 -0.0125198 -0.0120501 0.01 -0.0128705 -0.0128788 
0 99 99 1 82000 0 1 1 proton 5.00083 0.010023 10 -5 0 0 3.17989 -0.11065 0.11065 0 -8.67362e-18 -0.00844655 -0.0231076 0.01 -0.00860029 -0.0237649 
0 99 100 1 83000 0 1 1 proton 5.00111 0.0100428 10 -5 0 0 3.45065 -0.102149 0.102149 0 1.73472e-17 -0.0148904 0.0301532 0.01 -0.0153328 0.0309641 
0 100 99 1 84000 0 1 1 proton 5.00025 0.0100012 10 -5 0 0 3.62857 -0.0968302 0.0968302 0 -6.93889e-18 0.0175509 -0.00322102 0.01 0.0176877 -0.00319021 
0 99 99 1 85000 0 1 1 proton 5.00064 0.0100513 10 -5 0 0 3.27322 -0.103475 0.103475 0 2.60209e-17 -0.0123085 -0.00298425 0.01 -0.0132244 -0.00255578 
0 100 100 1 86000 0 1 1 proton 5.00032 0.0100151 10 -5 0 0 3.09571 -0.10952 0.10952 0 -2.42861e-17 0.00257632 0.0156638 0.01 0.00243717 0.0161907 
0 99 99 1 87000 0 1 1 proton 5.00184 0.0100312 10 -5 0 0 3.1756 -0.113418 0.113418 0 3.46945e-18 -0.0569183 -0.000394017 0.01 -0.0576989 -0.000289811 
0 100 99 1 88000 0 1 1 proton 5.00054 0.010003 10 -5 0 0 3.48803 -0.126222 0.126222 0 -1.38778e-17 0.0181296 -0.00411905 0.01 0.0183291 -0.00399691 
0 99 100 1 89000 0 1 1 proton 5.00038 0.0100143 10 -5 0 0 3.62085 -0.11429 0.11429 0 0 -0.00662717 0.0130385 0.01 -0.00674992 0.013556 
0 100 100 1 90000 0 1 1 proton 5.00098 0.0100122 10 -5 0 0 3.33825 -0.106419 0.106419 0 8.67362e-18 0.0193057 0.0432647 0.01 0.0196561 0.043607 
0 99 100 1 91000 0 1 1 proton 5.00026 0.0100008 10 -5 0 0 3.45725 -0.103005 0.103005 0 -2.77556e-17 -0.0109916 0.00394365 0.01 -0.0110603 0.00403003 
0 100 99 1 92000 0 1 1 proton 5.00132 0.0100532 10 -5 0 0 3.27423 -0.10115 0.10115 0 1.04083e-17 0.0211936 -0.0218336 0.01 0.0220958 -0.0223302 
0 100 100 1 93000 0 1 1 proton 5.00041 0.0100033 10 -5 0 0 3.45518 -0.113433 0.113433 0 1.12757e-17 0.0158371 0.00401133 0.01 0.0155916 0.00399534 
0 99 99 1 94000 0 1 1 proton 5.00041 0.0100052 10 -5 0 0 3.47087 -0.114378 0.114378 0 -4.77049e-18 -0.011469 -0.0100298 0.01 -0.011185 -0.00989209 
0 100 100 1 95000 0 1 1 proton 5.0004 0.010005 10 -5 0 0 2.84526 -0.109186 0.109186 0 1.38778e-17 0.00771313 0.00774891 0.01 0.00795054 0.00755664 
0 100 100 1 96000 0 1 1 proton 5.00028 0.0100006 10 -5 0 0 3.4358 -0.104144 0.104144 0 -5.20417e-18 0.0082112 0.00501539 0.01 0.00819422 0.00509884 
0 99 99 1 97000 0 1 1 proton 5.00025 0.0100076 10 -5 0 0 3.31471 -0.12394 0.12394 0 2.08167e-17 -0.0122735 -0.0156009 0.01 -0.0126188 -0.015766 
0 99 100 1 98000 0 1 1 proton 5.00127 0.0100323 10 -5 0 0 3.34816 -0.122178 0.122178 0 -1.82146e-17 -0.0439388 0.00963562 0.01 -0.0447026 0.00987734 
0 99 99 1 99000 0 1 1 proton 5.00021 0.0100059 10 -5 0 0 3.42628 -0.119616 0.119616 0 1.21431e-17 -0.00876284 -0.000877957 0.01 -0.00846885 -0.000711934 
0 99 100 1 100000 0 1 1 proton 5.00052 0.0100025 10 -5 0 0 3.60716 -0.104356 0.104356 0 -1.38778e-17 -0.00915538 0.0165708 0.01 -0.00935472 0.016493 
0 100 99 1 101000 0 1 1 proton 5.00085 0.0100096 10 -5 0 0 3.00254 -0.111105 0.111105 0 -1.38778e-17 0.0266995 -0.0144766 0.01 0.0270672 -0.0147034 
0 99 100 1 102000 0 1 1 proton 5.00111 0.0100387 10 -5 0 0 3.15307 -0.104898 0.104898 0 2.42861e-17 -0.03193 0.0164486 0.01 -0.0328071 0.0164338 
0 99 100 1 103000 0 1 1 proton 5.00055 0.0100058 10 -5 0 0 3.40141 -0.109822 0.109822 0 1.9082e-17 -0.000301734 0.0232738 0.01 -5.02726e-05 0.0230552 
0 99 99 1 104000 0 1 1 proton 5.00014 0.0100006 10 -5 0 0 3.20721 -0.111934 0.111934 0 -1.21431e-17 -0.000303914 -0.00138513 0.01 -0.000318844 -0.0014589 
0 99 99 1 105000 0 1 1 proton 5.00037 0.0100044 10 -5 0 0 3.31673 -0.121744 0.121744 0 3.46945e-18 -0.0115417 -0.0059698 0.01 -0.0116609 -0.00623352 
0 99 99 1 106000 0 1 1 proton 5.00103 0.0100289 10 -5 0 0 3.47936 -0.117045 0.117045 0 -1.04083e-17 -0.0384401 -0.00397283 0.01 -0.0391513 -0.00423289 
0 99 99 1 107000 0 1 1 proton 5.00017 0.0100008 10 -5 0 0 3.09188 -0.10181 0.10181 0 -3.46945e-18 -0.00759187 -0.015216 0.01 -0.00751 -0.0151516 
0 99 100 1 108000 0 1 1 proton 5.00568 0.0100494 10 -5 0 0 3.1668 -0.107039 0.107039 0 1.73472e-17 -0.0983792 0.0169128 0.01 -0.0992705 0.0173482 
